[2025-06-25 10:09:01.099] [WARN ] [org.springframework.boot.autoconfigure.orm.jpa.JpaBaseConfiguration$JpaWebConfiguration] - spring.jpa.open-in-view is enabled by default. Therefore, database queries may be performed during view rendering. Explicitly configure spring.jpa.open-in-view to disable this warning
[2025-06-25 10:09:01.783] [INFO ] [org.springframework.boot.web.embedded.tomcat.TomcatWebServer] - Tomcat started on port 8080 (http) with context path '/'
[2025-06-25 10:09:01.802] [INFO ] [com.example.todo.TodolistAppApplication] - Started TodolistAppApplication in 11.922 seconds (process running for 13.172)
[2025-06-25 10:09:50.020] [INFO ] [org.apache.catalina.core.ContainerBase.[Tomcat].[localhost].[/]] - Initializing Spring DispatcherServlet 'dispatcherServlet'
[2025-06-25 10:09:50.020] [INFO ] [org.springframework.web.servlet.DispatcherServlet] - Initializing Servlet 'dispatcherServlet'
[2025-06-25 10:09:50.037] [INFO ] [org.springframework.web.servlet.DispatcherServlet] - Completed initialization in 17 ms
[2025-06-25 10:09:50.130] [INFO ] [com.example.todo.service.TodoServiceImpl] - Fetching all todos
[2025-06-25 10:09:50.148] [INFO ] [com.zaxxer.hikari.HikariDataSource] - HikariPool-1 - Starting...
[2025-06-25 10:09:53.875] [WARN ] [org.hibernate.engine.jdbc.spi.SqlExceptionHelper] - SQL Error: 0, SQLState: 08001
[2025-06-25 10:09:53.876] [ERROR] [org.hibernate.engine.jdbc.spi.SqlExceptionHelper] - The connection attempt failed.
[2025-06-25 10:12:48.165] [INFO ] [org.springframework.boot.web.embedded.tomcat.GracefulShutdown] - Commencing graceful shutdown. Waiting for active requests to complete
[2025-06-25 10:12:48.244] [INFO ] [org.springframework.boot.web.embedded.tomcat.GracefulShutdown] - Graceful shutdown complete
[2025-06-25 12:52:16.186] [WARN ] [org.springframework.boot.autoconfigure.orm.jpa.JpaBaseConfiguration$JpaWebConfiguration] - spring.jpa.open-in-view is enabled by default. Therefore, database queries may be performed during view rendering. Explicitly configure spring.jpa.open-in-view to disable this warning
[2025-06-25 12:52:17.553] [INFO ] [org.springframework.boot.web.embedded.tomcat.TomcatWebServer] - Tomcat started on port 8080 (http) with context path '/'
[2025-06-25 12:52:17.557] [INFO ] [com.example.todo.TodolistAppApplication] - Started TodolistAppApplication in 10.77 seconds (process running for 12.35)
[2025-06-25 12:52:28.460] [INFO ] [org.apache.catalina.core.ContainerBase.[Tomcat].[localhost].[/]] - Initializing Spring DispatcherServlet 'dispatcherServlet'
[2025-06-25 12:52:28.460] [INFO ] [org.springframework.web.servlet.DispatcherServlet] - Initializing Servlet 'dispatcherServlet'
[2025-06-25 12:52:28.461] [INFO ] [org.springframework.web.servlet.DispatcherServlet] - Completed initialization in 0 ms
[2025-06-25 12:52:28.522] [INFO ] [com.example.todo.service.TodoServiceImpl] - Fetching all todos
[2025-06-25 12:52:28.864] [DEBUG] [com.example.todo.service.TodoServiceImpl] - Total todos fetched: 2
[2025-06-25 12:53:52.571] [INFO ] [org.springframework.boot.web.embedded.tomcat.GracefulShutdown] - Commencing graceful shutdown. Waiting for active requests to complete
[2025-06-25 12:53:52.843] [INFO ] [org.springframework.boot.web.embedded.tomcat.GracefulShutdown] - Graceful shutdown complete
[2025-06-27 10:22:49.964] [WARN ] [org.springframework.boot.autoconfigure.orm.jpa.JpaBaseConfiguration$JpaWebConfiguration] - spring.jpa.open-in-view is enabled by default. Therefore, database queries may be performed during view rendering. Explicitly configure spring.jpa.open-in-view to disable this warning
[2025-06-27 10:22:50.431] [INFO ] [org.springframework.security.config.annotation.authentication.configuration.InitializeUserDetailsBeanManagerConfigurer$InitializeUserDetailsManagerConfigurer] - Global AuthenticationManager configured with UserDetailsService bean with name customUserDetailsService
[2025-06-27 10:22:51.053] [INFO ] [org.springframework.boot.web.embedded.tomcat.TomcatWebServer] - Tomcat started on port 8080 (http) with context path '/'
[2025-06-27 10:22:51.070] [INFO ] [com.example.todo.TodolistAppApplication] - Started TodolistAppApplication in 9.333 seconds (process running for 10.755)
[2025-06-27 10:23:08.732] [INFO ] [org.apache.catalina.core.ContainerBase.[Tomcat].[localhost].[/]] - Initializing Spring DispatcherServlet 'dispatcherServlet'
[2025-06-27 10:23:08.733] [INFO ] [org.springframework.web.servlet.DispatcherServlet] - Initializing Servlet 'dispatcherServlet'
[2025-06-27 10:23:08.734] [INFO ] [org.springframework.web.servlet.DispatcherServlet] - Completed initialization in 1 ms
[2025-06-27 14:11:07.249] [WARN ] [com.zaxxer.hikari.pool.HikariPool] - HikariPool-1 - Thread starvation or clock leap detected (housekeeper delta=2h37m18s386ms395µs500ns).
[2025-06-27 17:25:28.760] [WARN ] [com.zaxxer.hikari.pool.HikariPool] - HikariPool-1 - Thread starvation or clock leap detected (housekeeper delta=2h58m51s277ms178µs).
[2025-06-27 17:27:08.698] [INFO ] [org.springframework.boot.web.embedded.tomcat.GracefulShutdown] - Commencing graceful shutdown. Waiting for active requests to complete
[2025-06-27 17:27:08.812] [INFO ] [org.springframework.boot.web.embedded.tomcat.GracefulShutdown] - Graceful shutdown complete
[2025-06-29 21:38:54.098] [WARN ] [org.springframework.boot.autoconfigure.orm.jpa.JpaBaseConfiguration$JpaWebConfiguration] - spring.jpa.open-in-view is enabled by default. Therefore, database queries may be performed during view rendering. Explicitly configure spring.jpa.open-in-view to disable this warning
[2025-06-29 21:38:54.553] [INFO ] [org.springframework.security.config.annotation.authentication.configuration.InitializeUserDetailsBeanManagerConfigurer$InitializeUserDetailsManagerConfigurer] - Global AuthenticationManager configured with UserDetailsService bean with name customUserDetailsService
[2025-06-29 21:38:55.375] [INFO ] [org.springframework.boot.web.embedded.tomcat.TomcatWebServer] - Tomcat started on port 8080 (http) with context path '/'
[2025-06-29 21:38:55.400] [INFO ] [com.example.todo.TodolistAppApplication] - Started TodolistAppApplication in 11.82 seconds (process running for 15.057)
[2025-06-29 21:42:30.365] [INFO ] [org.apache.catalina.core.ContainerBase.[Tomcat].[localhost].[/]] - Initializing Spring DispatcherServlet 'dispatcherServlet'
[2025-06-29 21:42:30.368] [INFO ] [org.springframework.web.servlet.DispatcherServlet] - Initializing Servlet 'dispatcherServlet'
[2025-06-29 21:42:30.370] [INFO ] [org.springframework.web.servlet.DispatcherServlet] - Completed initialization in 2 ms
[2025-06-29 23:08:22.561] [WARN ] [com.zaxxer.hikari.pool.HikariPool] - HikariPool-1 - Thread starvation or clock leap detected (housekeeper delta=1h22m31s232ms638µs700ns).
[2025-06-29 23:49:22.460] [INFO ] [org.springframework.boot.web.embedded.tomcat.GracefulShutdown] - Commencing graceful shutdown. Waiting for active requests to complete
[2025-06-29 23:49:22.784] [INFO ] [org.springframework.boot.web.embedded.tomcat.GracefulShutdown] - Graceful shutdown complete
